# ******************************************************
# PLUTO 4.2 Grid File
# Generated on  Wed Jan 25 19:53:56 2023
# 
# DIMENSIONS: 3
# GEOMETRY:   CARTESIAN
# X1: [ 0.000000,  120.000000], 60 point(s), 3 ghosts
# X2: [ 0.000000,  200.000000], 100 point(s), 3 ghosts
# X3: [ 0.000000,  100.000000], 50 point(s), 3 ghosts
# ******************************************************
60 
 1   0.000000000000e+00    2.000000000000e+00
 2   2.000000000000e+00    4.000000000000e+00
 3   4.000000000000e+00    6.000000000000e+00
 4   6.000000000000e+00    8.000000000000e+00
 5   8.000000000000e+00    1.000000000000e+01
 6   1.000000000000e+01    1.200000000000e+01
 7   1.200000000000e+01    1.400000000000e+01
 8   1.400000000000e+01    1.600000000000e+01
 9   1.600000000000e+01    1.800000000000e+01
 10   1.800000000000e+01    2.000000000000e+01
 11   2.000000000000e+01    2.200000000000e+01
 12   2.200000000000e+01    2.400000000000e+01
 13   2.400000000000e+01    2.600000000000e+01
 14   2.600000000000e+01    2.800000000000e+01
 15   2.800000000000e+01    3.000000000000e+01
 16   3.000000000000e+01    3.200000000000e+01
 17   3.200000000000e+01    3.400000000000e+01
 18   3.400000000000e+01    3.600000000000e+01
 19   3.600000000000e+01    3.800000000000e+01
 20   3.800000000000e+01    4.000000000000e+01
 21   4.000000000000e+01    4.200000000000e+01
 22   4.200000000000e+01    4.400000000000e+01
 23   4.400000000000e+01    4.600000000000e+01
 24   4.600000000000e+01    4.800000000000e+01
 25   4.800000000000e+01    5.000000000000e+01
 26   5.000000000000e+01    5.200000000000e+01
 27   5.200000000000e+01    5.400000000000e+01
 28   5.400000000000e+01    5.600000000000e+01
 29   5.600000000000e+01    5.800000000000e+01
 30   5.800000000000e+01    6.000000000000e+01
 31   6.000000000000e+01    6.200000000000e+01
 32   6.200000000000e+01    6.400000000000e+01
 33   6.400000000000e+01    6.600000000000e+01
 34   6.600000000000e+01    6.800000000000e+01
 35   6.800000000000e+01    7.000000000000e+01
 36   7.000000000000e+01    7.200000000000e+01
 37   7.200000000000e+01    7.400000000000e+01
 38   7.400000000000e+01    7.600000000000e+01
 39   7.600000000000e+01    7.800000000000e+01
 40   7.800000000000e+01    8.000000000000e+01
 41   8.000000000000e+01    8.200000000000e+01
 42   8.200000000000e+01    8.400000000000e+01
 43   8.400000000000e+01    8.600000000000e+01
 44   8.600000000000e+01    8.800000000000e+01
 45   8.800000000000e+01    9.000000000000e+01
 46   9.000000000000e+01    9.200000000000e+01
 47   9.200000000000e+01    9.400000000000e+01
 48   9.400000000000e+01    9.600000000000e+01
 49   9.600000000000e+01    9.800000000000e+01
 50   9.800000000000e+01    1.000000000000e+02
 51   1.000000000000e+02    1.020000000000e+02
 52   1.020000000000e+02    1.040000000000e+02
 53   1.040000000000e+02    1.060000000000e+02
 54   1.060000000000e+02    1.080000000000e+02
 55   1.080000000000e+02    1.100000000000e+02
 56   1.100000000000e+02    1.120000000000e+02
 57   1.120000000000e+02    1.140000000000e+02
 58   1.140000000000e+02    1.160000000000e+02
 59   1.160000000000e+02    1.180000000000e+02
 60   1.180000000000e+02    1.200000000000e+02
100 
 1   0.000000000000e+00    2.000000000000e+00
 2   2.000000000000e+00    4.000000000000e+00
 3   4.000000000000e+00    6.000000000000e+00
 4   6.000000000000e+00    8.000000000000e+00
 5   8.000000000000e+00    1.000000000000e+01
 6   1.000000000000e+01    1.200000000000e+01
 7   1.200000000000e+01    1.400000000000e+01
 8   1.400000000000e+01    1.600000000000e+01
 9   1.600000000000e+01    1.800000000000e+01
 10   1.800000000000e+01    2.000000000000e+01
 11   2.000000000000e+01    2.200000000000e+01
 12   2.200000000000e+01    2.400000000000e+01
 13   2.400000000000e+01    2.600000000000e+01
 14   2.600000000000e+01    2.800000000000e+01
 15   2.800000000000e+01    3.000000000000e+01
 16   3.000000000000e+01    3.200000000000e+01
 17   3.200000000000e+01    3.400000000000e+01
 18   3.400000000000e+01    3.600000000000e+01
 19   3.600000000000e+01    3.800000000000e+01
 20   3.800000000000e+01    4.000000000000e+01
 21   4.000000000000e+01    4.200000000000e+01
 22   4.200000000000e+01    4.400000000000e+01
 23   4.400000000000e+01    4.600000000000e+01
 24   4.600000000000e+01    4.800000000000e+01
 25   4.800000000000e+01    5.000000000000e+01
 26   5.000000000000e+01    5.200000000000e+01
 27   5.200000000000e+01    5.400000000000e+01
 28   5.400000000000e+01    5.600000000000e+01
 29   5.600000000000e+01    5.800000000000e+01
 30   5.800000000000e+01    6.000000000000e+01
 31   6.000000000000e+01    6.200000000000e+01
 32   6.200000000000e+01    6.400000000000e+01
 33   6.400000000000e+01    6.600000000000e+01
 34   6.600000000000e+01    6.800000000000e+01
 35   6.800000000000e+01    7.000000000000e+01
 36   7.000000000000e+01    7.200000000000e+01
 37   7.200000000000e+01    7.400000000000e+01
 38   7.400000000000e+01    7.600000000000e+01
 39   7.600000000000e+01    7.800000000000e+01
 40   7.800000000000e+01    8.000000000000e+01
 41   8.000000000000e+01    8.200000000000e+01
 42   8.200000000000e+01    8.400000000000e+01
 43   8.400000000000e+01    8.600000000000e+01
 44   8.600000000000e+01    8.800000000000e+01
 45   8.800000000000e+01    9.000000000000e+01
 46   9.000000000000e+01    9.200000000000e+01
 47   9.200000000000e+01    9.400000000000e+01
 48   9.400000000000e+01    9.600000000000e+01
 49   9.600000000000e+01    9.800000000000e+01
 50   9.800000000000e+01    1.000000000000e+02
 51   1.000000000000e+02    1.020000000000e+02
 52   1.020000000000e+02    1.040000000000e+02
 53   1.040000000000e+02    1.060000000000e+02
 54   1.060000000000e+02    1.080000000000e+02
 55   1.080000000000e+02    1.100000000000e+02
 56   1.100000000000e+02    1.120000000000e+02
 57   1.120000000000e+02    1.140000000000e+02
 58   1.140000000000e+02    1.160000000000e+02
 59   1.160000000000e+02    1.180000000000e+02
 60   1.180000000000e+02    1.200000000000e+02
 61   1.200000000000e+02    1.220000000000e+02
 62   1.220000000000e+02    1.240000000000e+02
 63   1.240000000000e+02    1.260000000000e+02
 64   1.260000000000e+02    1.280000000000e+02
 65   1.280000000000e+02    1.300000000000e+02
 66   1.300000000000e+02    1.320000000000e+02
 67   1.320000000000e+02    1.340000000000e+02
 68   1.340000000000e+02    1.360000000000e+02
 69   1.360000000000e+02    1.380000000000e+02
 70   1.380000000000e+02    1.400000000000e+02
 71   1.400000000000e+02    1.420000000000e+02
 72   1.420000000000e+02    1.440000000000e+02
 73   1.440000000000e+02    1.460000000000e+02
 74   1.460000000000e+02    1.480000000000e+02
 75   1.480000000000e+02    1.500000000000e+02
 76   1.500000000000e+02    1.520000000000e+02
 77   1.520000000000e+02    1.540000000000e+02
 78   1.540000000000e+02    1.560000000000e+02
 79   1.560000000000e+02    1.580000000000e+02
 80   1.580000000000e+02    1.600000000000e+02
 81   1.600000000000e+02    1.620000000000e+02
 82   1.620000000000e+02    1.640000000000e+02
 83   1.640000000000e+02    1.660000000000e+02
 84   1.660000000000e+02    1.680000000000e+02
 85   1.680000000000e+02    1.700000000000e+02
 86   1.700000000000e+02    1.720000000000e+02
 87   1.720000000000e+02    1.740000000000e+02
 88   1.740000000000e+02    1.760000000000e+02
 89   1.760000000000e+02    1.780000000000e+02
 90   1.780000000000e+02    1.800000000000e+02
 91   1.800000000000e+02    1.820000000000e+02
 92   1.820000000000e+02    1.840000000000e+02
 93   1.840000000000e+02    1.860000000000e+02
 94   1.860000000000e+02    1.880000000000e+02
 95   1.880000000000e+02    1.900000000000e+02
 96   1.900000000000e+02    1.920000000000e+02
 97   1.920000000000e+02    1.940000000000e+02
 98   1.940000000000e+02    1.960000000000e+02
 99   1.960000000000e+02    1.980000000000e+02
 100   1.980000000000e+02    2.000000000000e+02
50 
 1   0.000000000000e+00    2.000000000000e+00
 2   2.000000000000e+00    4.000000000000e+00
 3   4.000000000000e+00    6.000000000000e+00
 4   6.000000000000e+00    8.000000000000e+00
 5   8.000000000000e+00    1.000000000000e+01
 6   1.000000000000e+01    1.200000000000e+01
 7   1.200000000000e+01    1.400000000000e+01
 8   1.400000000000e+01    1.600000000000e+01
 9   1.600000000000e+01    1.800000000000e+01
 10   1.800000000000e+01    2.000000000000e+01
 11   2.000000000000e+01    2.200000000000e+01
 12   2.200000000000e+01    2.400000000000e+01
 13   2.400000000000e+01    2.600000000000e+01
 14   2.600000000000e+01    2.800000000000e+01
 15   2.800000000000e+01    3.000000000000e+01
 16   3.000000000000e+01    3.200000000000e+01
 17   3.200000000000e+01    3.400000000000e+01
 18   3.400000000000e+01    3.600000000000e+01
 19   3.600000000000e+01    3.800000000000e+01
 20   3.800000000000e+01    4.000000000000e+01
 21   4.000000000000e+01    4.200000000000e+01
 22   4.200000000000e+01    4.400000000000e+01
 23   4.400000000000e+01    4.600000000000e+01
 24   4.600000000000e+01    4.800000000000e+01
 25   4.800000000000e+01    5.000000000000e+01
 26   5.000000000000e+01    5.200000000000e+01
 27   5.200000000000e+01    5.400000000000e+01
 28   5.400000000000e+01    5.600000000000e+01
 29   5.600000000000e+01    5.800000000000e+01
 30   5.800000000000e+01    6.000000000000e+01
 31   6.000000000000e+01    6.200000000000e+01
 32   6.200000000000e+01    6.400000000000e+01
 33   6.400000000000e+01    6.600000000000e+01
 34   6.600000000000e+01    6.800000000000e+01
 35   6.800000000000e+01    7.000000000000e+01
 36   7.000000000000e+01    7.200000000000e+01
 37   7.200000000000e+01    7.400000000000e+01
 38   7.400000000000e+01    7.600000000000e+01
 39   7.600000000000e+01    7.800000000000e+01
 40   7.800000000000e+01    8.000000000000e+01
 41   8.000000000000e+01    8.200000000000e+01
 42   8.200000000000e+01    8.400000000000e+01
 43   8.400000000000e+01    8.600000000000e+01
 44   8.600000000000e+01    8.800000000000e+01
 45   8.800000000000e+01    9.000000000000e+01
 46   9.000000000000e+01    9.200000000000e+01
 47   9.200000000000e+01    9.400000000000e+01
 48   9.400000000000e+01    9.600000000000e+01
 49   9.600000000000e+01    9.800000000000e+01
 50   9.800000000000e+01    1.000000000000e+02
